<?xml version="1.0" encoding="utf-8"?><testsuites name="pytest tests"><testsuite name="pytest" errors="0" failures="0" skipped="0" tests="21" time="7.239" timestamp="2026-09-05T09:44:05.521349+00:00" hostname="agent-env-c8053152-6671-4ffa-a512-f0788edcd068"><testcase classname="tests.test_auth" name="test_register_login_me_logout_flow" time="1.666" /><testcase classname="tests.test_share" name="test_create_share_anonymous_returns_token_and_secret" time="0.570" /><testcase classname="tests.test_share" name="test_create_share_authenticated_works" time="0.688" /><testcase classname="tests.test_share" name="test_get_share_returns_same_week_data_public" time="0.500" /><testcase classname="tests.test_auth" name="test_register_duplicate_email_rejected" time="0.649" /><testcase classname="tests.test_share" name="test_get_share_unknown_token_returns_404_swedish" time="0.235" /><testcase classname="tests.test_share" name="test_revoke_with_correct_secret_returns_200_then_404" time="0.863" /><testcase classname="tests.test_auth" name="test_login_wrong_password_401" time="1.086" /><testcase classname="tests.test_share" name="test_revoke_without_secret_returns_403" time="0.637" /><testcase classname="tests.test_auth" name="test_short_password_400" time="0.144" /><testcase classname="tests.test_share" name="test_revoke_with_wrong_secret_returns_403" time="0.906" /><testcase classname="tests.test_auth" name="test_sync_state_roundtrip" time="0.948" /><testcase classname="tests.test_share" name="test_regression_auth_register_login_me_still_work" time="1.015" /><testcase classname="tests.test_auth" name="test_sync_requires_auth" time="0.386" /><testcase classname="tests.test_auth" name="test_upload_attributed_to_user" time="0.730" /><testcase classname="tests.test_share" name="test_regression_sync_state_roundtrip" time="0.654" /><testcase classname="tests.test_uploads" name="test_upload_and_download_roundtrip" time="0.549" /><testcase classname="tests.test_share" name="test_regression_upload_still_works" time="0.281" /><testcase classname="tests.test_uploads" name="test_empty_file_rejected" time="0.152" /><testcase classname="tests.test_uploads" name="test_missing_file_404" time="0.098" /><testcase classname="tests.test_uploads" name="test_soft_delete_makes_file_unavailable" time="0.477" /></testsuite></testsuites>