<?xml version="1.0" encoding="utf-8"?><testsuites name="pytest tests"><testsuite name="pytest" errors="0" failures="2" skipped="0" tests="10" time="3.195" timestamp="2026-09-05T09:43:24.472115+00:00" hostname="agent-env-c8053152-6671-4ffa-a512-f0788edcd068"><testcase classname="tests.test_share" name="test_create_share_anonymous_returns_token_and_secret" time="0.228" /><testcase classname="tests.test_share" name="test_create_share_authenticated_works" time="0.503" /><testcase classname="tests.test_share" name="test_get_share_returns_same_week_data_public" time="0.228" /><testcase classname="tests.test_share" name="test_get_share_unknown_token_returns_404_swedish" time="0.002" /><testcase classname="tests.test_share" name="test_revoke_with_correct_secret_returns_200_then_404" time="0.454" /><testcase classname="tests.test_share" name="test_revoke_without_secret_returns_403" time="0.228" /><testcase classname="tests.test_share" name="test_revoke_with_wrong_secret_returns_403" time="0.451" /><testcase classname="tests.test_share" name="test_regression_auth_register_login_me_still_work" time="0.268"><failure message="assert (401 == 200)&#10; +  where 401 = &lt;Response [401]&gt;.status_code">backend/tests/test_share.py:123: in test_regression_auth_register_login_me_still_work
    assert me.status_code == 200 and me.json()["email"] == email
E   assert (401 == 200)
E    +  where 401 = &lt;Response [401]&gt;.status_code</failure></testcase><testcase classname="tests.test_share" name="test_regression_sync_state_roundtrip" time="0.268"><failure message="assert (401 == 200)&#10; +  where 401 = &lt;Response [401]&gt;.status_code">backend/tests/test_share.py:134: in test_regression_sync_state_roundtrip
    assert r.status_code == 200 and r.json()["state"] == {}
E   assert (401 == 200)
E    +  where 401 = &lt;Response [401]&gt;.status_code</failure></testcase><testcase classname="tests.test_share" name="test_regression_upload_still_works" time="0.181" /></testsuite></testsuites>